<?xml version="1.0" encoding="UTF-8"?>
<beans xmlns="http://www.springframework.org/schema/beans"
       xmlns:xsi="http://www.w3.org/2001/XMLSchema-instance"
       xmlns:context="http://www.springframework.org/schema/context"
       xsi:schemaLocation="http://www.springframework.org/schema/beans http://www.springframework.org/schema/beans/spring-beans.xsd http://www.springframework.org/schema/context http://www.springframework.org/schema/context/spring-context.xsd">

    <bean id="expectedRole" class="com.goit.popov.restaurant.model.Role">
        <property name="name" value="ROLE_TEST"/>
    </bean>

    <bean id="expectedPosition" class="com.goit.popov.restaurant.model.Position">
        <property name="name" value="TestPosition"/>
        <property name="role" ref="expectedRole"/>
    </bean>

    <!--
    <bean id="dateFormat" class="java.text.SimpleDateFormat">
        <constructor-arg value="yyyy-MM-dd"/>
    </bean>

    <bean id="timeFormat" class="java.text.SimpleDateFormat">
        <constructor-arg value="yyyy-MM-dd HH:mm:ss"/>
    </bean>

    <bean id="helper" class="com.goit.popov.restaurant.dao.Helper"/>

    <bean id="expectedEmployee" class="com.goit.popov.restaurant.model.Employee">
        <property name="login" value="TestLogin"/>
        <property name="password" value="TestPassword"/>
        <property name="name" value="TestName"/>
        <property name="dob">
            <bean factory-bean="dateFormat" factory-method="parse">
                <constructor-arg value="2010-01-01"/>
            </bean>
        </property>
        <property name="phone" value="+380630000000"/>
        <property name="position" ref="expectedPosition"/>
        <property name="salary" value="1000"/>
    </bean>

    <bean id="expectedWaiter" class="com.goit.popov.restaurant.model.Employee">
        <property name="login" value="TestLogin"/>
        <property name="password" value="TestPassword"/>
        <property name="name" value="TestWaiter"/>
        <property name="dob">
            <bean factory-bean="dateFormat" factory-method="parse">
                <constructor-arg value="2010-01-02"/>
            </bean>
        </property>
        <property name="phone" value="+380630000000"/>
        <property name="position" ref="expectedPosition"/>
        <property name="salary" value="8000"/>
    </bean>

    <bean id="expectedWaiter1" class="com.goit.popov.restaurant.model.Employee">
        <property name="login" value="TestLogin"/>
        <property name="password" value="TestPassword"/>
        <property name="name" value="TestWaiter"/>
        <property name="dob">
            <bean factory-bean="dateFormat" factory-method="parse">
                <constructor-arg value="1986-10-12"/>
            </bean>
        </property>
        <property name="phone" value="+380631111111"/>
        <property name="position" ref="expectedPosition"/>
        <property name="salary" value="9000"/>
    </bean>

    <bean id="expectedUnit" class="com.goit.popov.restaurant.model.Unit">
        <property name="name" value="TestLitre"/>
    </bean>

    <bean id="expectedUnit2" class="com.goit.popov.restaurant.model.Unit">
        <property name="name" value="TestKg"/>
    </bean>

    <bean id="expectedIngredient1" class="com.goit.popov.restaurant.model.Ingredient">
        <property name="name" value="TestIngredient1"/>
        <property name="unit" ref="expectedUnit"/>
    </bean>

    <bean id="expectedIngredient2" class="com.goit.popov.restaurant.model.Ingredient">
        <property name="name" value="TestIngredient2"/>
        <property name="unit" ref="expectedUnit"/>
    </bean>

    <bean id="expectedIngredient3" class="com.goit.popov.restaurant.model.Ingredient">
        <property name="name" value="TestIngredient3"/>
        <property name="unit" ref="expectedUnit2"/>
    </bean>

    <bean id="expectedIngredient4" class="com.goit.popov.restaurant.model.Ingredient">
        <property name="name" value="TestIngredient4"/>
        <property name="unit" ref="expectedUnit2"/>
    </bean>

    <bean id="bigDecimalValue1" class="java.math.BigDecimal">
        <constructor-arg index="0" value="23.5"/>
    </bean>

    <bean id="expectedDish1" class="com.goit.popov.restaurant.model.Dish">
        <property name="name" value="TestDish1"/>
        <property name="category" value="TestCategory1"/>
        <property name="weight" value="0.33"/>
        <property name="price" value="23.5"/>
        <property name="ingredients">
            <map>
                <entry key-ref="expectedIngredient1" value="0.03"/>
                <entry key-ref="expectedIngredient2" value="0.012"/>
            </map>
        </property>
    </bean>

    <bean id="expectedDish2" class="com.goit.popov.restaurant.model.Dish">
        <property name="name" value="TestDish2"/>
        <property name="category" value="TestCategory2"/>
        <property name="weight" value="0.33"/>
        <property name="price" value="23.5"/>
        <property name="ingredients">
            <map>
                <entry key-ref="expectedIngredient3" value="0.044"/>
                <entry key-ref="expectedIngredient4" value="0.009"/>
            </map>
        </property>
    </bean>

    <bean id="expectedDish3" class="com.goit.popov.restaurant.model.Dish">
        <property name="name" value="TestDish3"/>
        <property name="category" value="TestCategory3"/>
        <property name="weight" value="0.2"/>
        <property name="price" value="10.8"/>
        <property name="ingredients">
            <map>
                <entry key-ref="expectedIngredient1" value="0.36"/>
                <entry key-ref="expectedIngredient3" value="0.024"/>
                <entry key-ref="expectedIngredient4" value="0.005"/>
            </map>
        </property>
    </bean>

    <bean id="expectedOrder1" class="com.goit.popov.restaurant.model.Order">
        <property name="opened" value="true"/>
        <property name="table" value="10"/>
        <property name="openedTimeStamp">
            <bean factory-bean="timeFormat" factory-method="parse">
                <constructor-arg value="2010-01-03 10:10:10"/>
            </bean>
        </property>
        <property name="waiter" ref="expectedWaiter1"/>
        <property name="dishes">
            <map>
                <entry key-ref="expectedDish1" value="1"/>
                <entry key-ref="expectedDish2" value="2"/>
            </map>
        </property>
    </bean>

    <bean id="expectedOrder2" class="com.goit.popov.restaurant.model.Order">
        <property name="opened" value="false"/>
        <property name="table" value="11"/>
        <property name="openedTimeStamp">
            <bean factory-bean="timeFormat" factory-method="parse">
                <constructor-arg value="2011-01-04 11:11:11"/>
            </bean>
        </property>
        <property name="closedTimeStamp">
            <bean factory-bean="timeFormat" factory-method="parse">
                <constructor-arg value="2011-01-04 12:33:27"/>
            </bean>
        </property>
        <property name="waiter" ref="expectedWaiter"/>
        <property name="dishes">
            <map>
                <entry key-ref="expectedDish1" value="2"/>
                <entry key-ref="expectedDish3" value="1"/>
            </map>
        </property>
    </bean>

    <bean id="expectedOrder3" class="com.goit.popov.restaurant.model.Order">
        <property name="opened" value="true"/>
        <property name="table" value="8"/>
        <property name="openedTimeStamp">
            <bean factory-bean="timeFormat" factory-method="parse">
                <constructor-arg value="2011-01-04 15:33:26"/>
            </bean>
        </property>
        <property name="waiter" ref="expectedWaiter1"/>
        <property name="dishes">
            <map>
                <entry key-ref="expectedDish1" value="2"/>
            </map>
        </property>
    </bean>

    -->

</beans>